<?xml version="1.0" encoding="UTF-8"?>
<!-- Generated by org.testng.reporters.JUnitXMLReporter -->
<testsuite ignored="6" hostname="DESKTOP-HSV800E" failures="0" tests="1" name="Default test" time="34.493" errors="0" timestamp="2025-01-11T18:13:28 IST">
  <testcase classname="com.orangehrm.testcases.PIMEmployeeListTestCases" name="verifySearchWithSubUnit" time="25.819"/>
  <testcase classname="com.orangehrm.testcases.PIMEmployeeListTestCases" name="verifySearchWithInvalidEmpolyeeID" time="0.0">
    <ignored/>
  </testcase> <!-- verifySearchWithInvalidEmpolyeeID -->
  <testcase classname="com.orangehrm.testcases.PIMEmployeeListTestCases" name="verifySearchWithInvalidEmpolyeeName" time="0.0">
    <ignored/>
  </testcase> <!-- verifySearchWithInvalidEmpolyeeName -->
  <testcase classname="com.orangehrm.testcases.PIMEmployeeListTestCases" name="verifySearchWithValidEmployeeStatus" time="0.0">
    <ignored/>
  </testcase> <!-- verifySearchWithValidEmployeeStatus -->
  <testcase classname="com.orangehrm.testcases.PIMEmployeeListTestCases" name="verifySearchWithValidEmpolyeeName" time="0.0">
    <ignored/>
  </testcase> <!-- verifySearchWithValidEmpolyeeName -->
  <testcase classname="com.orangehrm.testcases.PIMEmployeeListTestCases" name="verifySearchWithValidEmployeeID" time="0.0">
    <ignored/>
  </testcase> <!-- verifySearchWithValidEmployeeID -->
  <testcase classname="com.orangehrm.testcases.PIMEmployeeListTestCases" name="verifySearchWithJobTitle" time="0.0">
    <ignored/>
  </testcase> <!-- verifySearchWithJobTitle -->
</testsuite> <!-- Default test -->
