<?xml version="1.0" encoding="UTF-8"?>
<testng-results ignored="0" total="1" passed="1" failed="0" skipped="0">
  <reporter-output>
  </reporter-output>
  <suite started-at="2025-01-11T18:12:54 IST" name="Default suite" finished-at="2025-01-11T18:13:28 IST" duration-ms="34493">
    <groups>
    </groups>
    <test started-at="2025-01-11T18:12:54 IST" name="Default test" finished-at="2025-01-11T18:13:28 IST" duration-ms="34493">
      <class name="com.orangehrm.testcases.PIMEmployeeListTestCases">
        <test-method is-config="true" signature="setUp()[pri:0, instance:com.orangehrm.testcases.PIMEmployeeListTestCases@58ce9668]" started-at="2025-01-11T18:12:54 IST" name="setUp" finished-at="2025-01-11T18:13:02 IST" duration-ms="8221" status="PASS">
          <reporter-output>
          </reporter-output>
        </test-method> <!-- setUp -->
        <test-method signature="verifySearchWithSubUnit()[pri:0, instance:com.orangehrm.testcases.PIMEmployeeListTestCases@58ce9668]" started-at="2025-01-11T18:13:02 IST" name="verifySearchWithSubUnit" finished-at="2025-01-11T18:13:28 IST" duration-ms="25819" status="PASS">
          <reporter-output>
          </reporter-output>
        </test-method> <!-- verifySearchWithSubUnit -->
        <test-method is-config="true" signature="tearDown()[pri:0, instance:com.orangehrm.testcases.PIMEmployeeListTestCases@58ce9668]" started-at="2025-01-11T18:13:28 IST" name="tearDown" finished-at="2025-01-11T18:13:28 IST" duration-ms="424" status="PASS">
          <reporter-output>
          </reporter-output>
        </test-method> <!-- tearDown -->
      </class> <!-- com.orangehrm.testcases.PIMEmployeeListTestCases -->
    </test> <!-- Default test -->
  </suite> <!-- Default suite -->
</testng-results>
